AutoDock Vina v1.2.3
#################################################################
# If you used AutoDock Vina in your work, please cite:          #
#                                                               #
# J. Eberhardt, D. Santos-Martins, A. F. Tillack, and S. Forli  #
# AutoDock Vina 1.2.0: New Docking Methods, Expanded Force      #
# Field, and Python Bindings, J. Chem. Inf. Model. (2021)       #
# DOI 10.1021/acs.jcim.1c00203                                  #
#                                                               #
# O. Trott, A. J. Olson,                                        #
# AutoDock Vina: improving the speed and accuracy of docking    #
# with a new scoring function, efficient optimization and       #
# multithreading, J. Comp. Chem. (2010)                         #
# DOI 10.1002/jcc.21334                                         #
#                                                               #
# Please see https://github.com/ccsb-scripps/AutoDock-Vina for  #
# more information.                                             #
#################################################################

Scoring function : vina
Rigid receptor: receptor.pdbqt
Ligand: Ligandos/PDBQT/methylnonanoate.pdbqt
Grid center: X 9.748 Y -1.091 Z -8.298
Grid size  : X 94 Y 102 Z 64
Grid space : 0.375
Exhaustiveness: 8
CPU: 0
Verbosity: 1

Computing Vina grid ... done.
Performing docking (random seed: 239207078) ... 
0%   10   20   30   40   50   60   70   80   90   100%
|----|----|----|----|----|----|----|----|----|----|
***************************************************

mode |   affinity | dist from best mode
     | (kcal/mol) | rmsd l.b.| rmsd u.b.
-----+------------+----------+----------
   1       -4.163          0          0
   2       -4.129      13.69      14.98
   3        -4.11      13.47       14.8
   4       -3.949      16.18      17.51
   5       -3.864      13.84      15.16
   6       -3.863      24.63      25.22
   7        -3.83      24.62      25.76
   8       -3.772      1.107      3.454
   9       -3.745      15.42      16.88
  10       -3.688      1.676      3.725
