AutoDock Vina v1.2.3
#################################################################
# If you used AutoDock Vina in your work, please cite:          #
#                                                               #
# J. Eberhardt, D. Santos-Martins, A. F. Tillack, and S. Forli  #
# AutoDock Vina 1.2.0: New Docking Methods, Expanded Force      #
# Field, and Python Bindings, J. Chem. Inf. Model. (2021)       #
# DOI 10.1021/acs.jcim.1c00203                                  #
#                                                               #
# O. Trott, A. J. Olson,                                        #
# AutoDock Vina: improving the speed and accuracy of docking    #
# with a new scoring function, efficient optimization and       #
# multithreading, J. Comp. Chem. (2010)                         #
# DOI 10.1002/jcc.21334                                         #
#                                                               #
# Please see https://github.com/ccsb-scripps/AutoDock-Vina for  #
# more information.                                             #
#################################################################

Scoring function : vina
Rigid receptor: receptor.pdbqt
Ligand: Ligandos/PDBQT/nonanoicacid.pdbqt
Grid center: X 9.084 Y -1.541 Z -10.608
Grid size  : X 120 Y 90 Z 84
Grid space : 0.375
Exhaustiveness: 8
CPU: 0
Verbosity: 1

Computing Vina grid ... done.
Performing docking (random seed: 1009459233) ... 
0%   10   20   30   40   50   60   70   80   90   100%
|----|----|----|----|----|----|----|----|----|----|
***************************************************

mode |   affinity | dist from best mode
     | (kcal/mol) | rmsd l.b.| rmsd u.b.
-----+------------+----------+----------
   1       -4.196          0          0
   2       -4.143      4.997      7.057
   3       -4.092      2.718      3.811
   4       -4.071      23.45      24.42
   5       -4.036      1.796      2.101
   6       -4.023       2.15      2.544
   7       -4.005      23.41      24.58
   8       -3.971      23.44      24.84
   9       -3.971      23.26      24.47
  10       -3.923      2.544      2.998
