AutoDock Vina v1.2.3
#################################################################
# If you used AutoDock Vina in your work, please cite:          #
#                                                               #
# J. Eberhardt, D. Santos-Martins, A. F. Tillack, and S. Forli  #
# AutoDock Vina 1.2.0: New Docking Methods, Expanded Force      #
# Field, and Python Bindings, J. Chem. Inf. Model. (2021)       #
# DOI 10.1021/acs.jcim.1c00203                                  #
#                                                               #
# O. Trott, A. J. Olson,                                        #
# AutoDock Vina: improving the speed and accuracy of docking    #
# with a new scoring function, efficient optimization and       #
# multithreading, J. Comp. Chem. (2010)                         #
# DOI 10.1002/jcc.21334                                         #
#                                                               #
# Please see https://github.com/ccsb-scripps/AutoDock-Vina for  #
# more information.                                             #
#################################################################

Scoring function : vina
Rigid receptor: receptor.pdbqt
Ligand: Ligandos/PDBQT/pentylacetate.pdbqt
Grid center: X 1.457 Y 2.058 Z -6.698
Grid size  : X 120 Y 92 Z 78
Grid space : 0.375
Exhaustiveness: 8
CPU: 0
Verbosity: 1

Computing Vina grid ... done.
Performing docking (random seed: 1273140713) ... 
0%   10   20   30   40   50   60   70   80   90   100%
|----|----|----|----|----|----|----|----|----|----|
***************************************************

mode |   affinity | dist from best mode
     | (kcal/mol) | rmsd l.b.| rmsd u.b.
-----+------------+----------+----------
   1       -4.208          0          0
   2       -4.144      1.936      4.351
   3       -3.672      2.041      2.689
   4       -3.654      23.96      25.27
   5       -3.589      29.28      30.59
   6       -3.507      2.253      4.951
   7       -3.484      21.52       22.9
   8       -3.428      35.92      37.33
   9         -3.4       19.6      20.96
  10       -3.277      28.52      29.85
