AutoDock Vina v1.2.3
#################################################################
# If you used AutoDock Vina in your work, please cite:          #
#                                                               #
# J. Eberhardt, D. Santos-Martins, A. F. Tillack, and S. Forli  #
# AutoDock Vina 1.2.0: New Docking Methods, Expanded Force      #
# Field, and Python Bindings, J. Chem. Inf. Model. (2021)       #
# DOI 10.1021/acs.jcim.1c00203                                  #
#                                                               #
# O. Trott, A. J. Olson,                                        #
# AutoDock Vina: improving the speed and accuracy of docking    #
# with a new scoring function, efficient optimization and       #
# multithreading, J. Comp. Chem. (2010)                         #
# DOI 10.1002/jcc.21334                                         #
#                                                               #
# Please see https://github.com/ccsb-scripps/AutoDock-Vina for  #
# more information.                                             #
#################################################################

Scoring function : vina
Rigid receptor: receptor.pdbqt
Ligand: Ligandos/PDBQT/Acetaldehyde.pdbqt
Grid center: X 9.084 Y -1.541 Z -10.608
Grid size  : X 120 Y 90 Z 84
Grid space : 0.375
Exhaustiveness: 8
CPU: 0
Verbosity: 1

Computing Vina grid ... done.
Performing docking (random seed: 1148249989) ... 
0%   10   20   30   40   50   60   70   80   90   100%
|----|----|----|----|----|----|----|----|----|----|
***************************************************

mode |   affinity | dist from best mode
     | (kcal/mol) | rmsd l.b.| rmsd u.b.
-----+------------+----------+----------
   1        -2.34          0          0
   2       -2.237     0.9434     0.9434
   3       -2.115      7.874      7.884
   4       -2.055      1.926      2.149
   5       -2.046      6.909          7
   6       -1.947      12.44      12.67
   7       -1.878      12.24      12.61
   8       -1.841      22.92      23.12
   9       -1.838       6.56      6.642
  10       -1.829      22.46      22.53
