AutoDock Vina v1.2.3
#################################################################
# If you used AutoDock Vina in your work, please cite:          #
#                                                               #
# J. Eberhardt, D. Santos-Martins, A. F. Tillack, and S. Forli  #
# AutoDock Vina 1.2.0: New Docking Methods, Expanded Force      #
# Field, and Python Bindings, J. Chem. Inf. Model. (2021)       #
# DOI 10.1021/acs.jcim.1c00203                                  #
#                                                               #
# O. Trott, A. J. Olson,                                        #
# AutoDock Vina: improving the speed and accuracy of docking    #
# with a new scoring function, efficient optimization and       #
# multithreading, J. Comp. Chem. (2010)                         #
# DOI 10.1002/jcc.21334                                         #
#                                                               #
# Please see https://github.com/ccsb-scripps/AutoDock-Vina for  #
# more information.                                             #
#################################################################

Scoring function : vina
Rigid receptor: receptor.pdbqt
Ligand: Ligandos/PDBQT/pentylacetate.pdbqt
Grid center: X 1.457 Y 2.058 Z -6.698
Grid size  : X 120 Y 92 Z 78
Grid space : 0.375
Exhaustiveness: 8
CPU: 0
Verbosity: 1

Computing Vina grid ... done.
Performing docking (random seed: 1777425753) ... 
0%   10   20   30   40   50   60   70   80   90   100%
|----|----|----|----|----|----|----|----|----|----|
***************************************************

mode |   affinity | dist from best mode
     | (kcal/mol) | rmsd l.b.| rmsd u.b.
-----+------------+----------+----------
   1       -4.301          0          0
   2       -4.202      8.184      9.415
   3       -4.142      7.476      8.896
   4       -4.063      1.753      3.101
   5       -3.867       2.75      4.154
   6       -3.844      3.012      4.434
   7       -3.788        7.6      8.992
   8       -3.753      3.069      4.884
   9         -3.7      2.113      2.896
  10       -3.551      22.37      23.97
